e:\code\cyengine\cyengine\lib\renderengine.pdb
e:\code\cyengine\cyengine\engine\debug\transconst.obj
e:\code\cyengine\cyengine\engine\debug\shader.obj
e:\code\cyengine\cyengine\engine\debug\renderengine.obj
e:\code\cyengine\cyengine\engine\debug\quaternion.obj
e:\code\cyengine\cyengine\engine\debug\material.obj
e:\code\cyengine\cyengine\engine\debug\main.obj
e:\code\cyengine\cyengine\engine\debug\light.obj
e:\code\cyengine\cyengine\engine\debug\inputsystem.obj
e:\code\cyengine\cyengine\engine\debug\gltexture.obj
e:\code\cyengine\cyengine\engine\debug\entity.obj
e:\code\cyengine\cyengine\engine\debug\directionallight.obj
e:\code\cyengine\cyengine\engine\debug\cvector.obj
e:\code\cyengine\cyengine\engine\debug\cobject.obj
e:\code\cyengine\cyengine\engine\debug\camera.obj
e:\code\cyengine\cyengine\lib\renderengine.lib
e:\code\cyengine\cyengine\engine\debug\renderengine.tlog\cl.command.1.tlog
e:\code\cyengine\cyengine\engine\debug\renderengine.tlog\cl.read.1.tlog
e:\code\cyengine\cyengine\engine\debug\renderengine.tlog\cl.write.1.tlog
e:\code\cyengine\cyengine\engine\debug\renderengine.tlog\lib-link.read.1.tlog
e:\code\cyengine\cyengine\engine\debug\renderengine.tlog\lib-link.write.1.tlog
e:\code\cyengine\cyengine\engine\debug\renderengine.tlog\lib.command.1.tlog
